c:\users\filip\desktop\sd1\data_structures\x64\debug\vc143.pdb
c:\users\filip\desktop\sd1\data_structures\x64\debug\vc143.idb
c:\users\filip\desktop\sd1\data_structures\x64\debug\rb_tree.obj
c:\users\filip\desktop\sd1\data_structures\x64\debug\hashtable.obj
c:\users\filip\desktop\sd1\data_structures\x64\debug\hashmap.obj
c:\users\filip\desktop\sd1\data_structures\x64\debug\data_structures.obj
c:\users\filip\desktop\sd1\data_structures\x64\debug\data_structures.exe
c:\users\filip\desktop\sd1\data_structures\x64\debug\data_structures.ilk
c:\users\filip\desktop\sd1\data_structures\x64\debug\data_structures.pdb
c:\users\filip\desktop\studia\semestr_4\sd\data_structures\x64\debug\data_structures.obj
c:\users\filip\desktop\studia\semestr_4\sd\data_structures\x64\debug\hashmap.obj
c:\users\filip\desktop\studia\semestr_4\sd\data_structures\x64\debug\hashtable.obj
c:\users\filip\desktop\studia\semestr_4\sd\data_structures\x64\debug\rb_tree.obj
c:\users\filip\desktop\studia\semestr_4\sd\data_structures\x64\debug\data_structures.obj.enc
c:\users\filip\desktop\studia\semestr_4\sd\data_structures\x64\debug\hashmap.obj.enc
c:\users\filip\desktop\studia\semestr_4\sd\data_structures\x64\debug\data_structures.ilk
c:\users\filip\desktop\studia\semestr_4\sd\data_structures\x64\debug\vc142.idb
c:\users\filip\desktop\studia\semestr_4\sd\data_structures\x64\debug\vc143.idb
c:\users\filip\desktop\studia\semestr_4\sd\data_structures\x64\debug\data_structures.pdb
c:\users\filip\desktop\studia\semestr_4\sd\data_structures\x64\debug\vc142.pdb
c:\users\filip\desktop\studia\semestr_4\sd\data_structures\x64\debug\vc143.pdb
c:\users\filip\desktop\studia\semestr_4\sd\data_structures\x64\debug\data_structures.exe
c:\users\filip\desktop\studia\semestr_4\sd\data_structures\x64\debug\data_structures.tlog\cl.command.1.tlog
c:\users\filip\desktop\studia\semestr_4\sd\data_structures\x64\debug\data_structures.tlog\cl.read.1.tlog
c:\users\filip\desktop\studia\semestr_4\sd\data_structures\x64\debug\data_structures.tlog\cl.write.1.tlog
c:\users\filip\desktop\studia\semestr_4\sd\data_structures\x64\debug\data_structures.tlog\link.command.1.tlog
c:\users\filip\desktop\studia\semestr_4\sd\data_structures\x64\debug\data_structures.tlog\link.read.1.tlog
c:\users\filip\desktop\studia\semestr_4\sd\data_structures\x64\debug\data_structures.tlog\link.write.1.tlog
